app/build/intermediates/manifest_merge_blame_file/debug/manifest-merger-blame-debug-report.txt
1<?xml version="1.0" encoding="utf-8"?>
2<manifest xmlns:android="http://schemas.android.com/apk/res/android"
3    package="com.tencent.ncnnyoloface"
4    android:versionCode="1"
5    android:versionName="1.1" >
6
7    <uses-sdk
8        android:minSdkVersion="28"
8-->src\main\AndroidManifest.xml
9        android:targetSdkVersion="30" />
9-->[org.greenrobot:eventbus:3.3.1] AndroidManifest.xml:7:9-38
10
11    <uses-feature android:name="android.hardware.camera" /> <!-- 相机权限 -->
11-->src\main\AndroidManifest.xml:7:5-60
11-->src\main\AndroidManifest.xml:7:19-57
12    <!-- 写入SD卡的权限：如果你希望保存相机拍照后的照片 -->
13    <uses-permission android:name="android.permission.WRITE_EXTERNAL_STORAGE" /> <!-- 读取SD卡的权限:打开相册选取图片所必须的权限 -->
13-->src\main\AndroidManifest.xml:9:5-81
13-->src\main\AndroidManifest.xml:9:22-78
14    <uses-permission android:name="android.permission.READ_EXTERNAL_STORAGE" />
14-->src\main\AndroidManifest.xml:10:5-80
14-->src\main\AndroidManifest.xml:10:22-77
15    <uses-permission android:name="android.permission.CAMERA" />
15-->src\main\AndroidManifest.xml:11:5-65
15-->src\main\AndroidManifest.xml:11:22-62
16
17    <uses-feature android:name="android.hardware.camera2.full" />
17-->src\main\AndroidManifest.xml:13:5-66
17-->src\main\AndroidManifest.xml:13:19-63
18
19    <uses-permission android:name="android.permission.ACCESS_NETWORK_STATE" />
19-->src\main\AndroidManifest.xml:15:5-79
19-->src\main\AndroidManifest.xml:15:22-76
20    <uses-permission android:name="android.permission.INTERNET" />
20-->src\main\AndroidManifest.xml:16:5-67
20-->src\main\AndroidManifest.xml:16:22-64
21
22    <application
22-->src\main\AndroidManifest.xml:18:5-73:19
23        android:name="com.utils.ApplicationConfig"
23-->src\main\AndroidManifest.xml:21:9-51
24        android:allowBackup="true"
24-->src\main\AndroidManifest.xml:19:9-35
25        android:appComponentFactory="androidx.core.app.CoreComponentFactory"
25-->[androidx.core:core:1.3.2] AndroidManifest.xml:24:18-86
26        android:debuggable="true"
27        android:extractNativeLibs="false"
28        android:label="大创APP"
28-->src\main\AndroidManifest.xml:20:9-30
29        android:supportsRtl="true"
29-->src\main\AndroidManifest.xml:22:9-35
30        android:testOnly="true"
31        android:theme="@style/Theme.AppCompat.Light.NoActionBar"
31-->src\main\AndroidManifest.xml:23:9-65
32        android:usesCleartextTraffic="true" >
32-->src\main\AndroidManifest.xml:24:9-44
33        <activity
33-->src\main\AndroidManifest.xml:25:9-27:40
34            android:name="com.view.activity.teacher.AttendanceInquiryActivity"
34-->src\main\AndroidManifest.xml:26:13-79
35            android:exported="false" />
35-->src\main\AndroidManifest.xml:27:13-37
36        <activity
36-->src\main\AndroidManifest.xml:28:9-30:40
37            android:name="com.view.activity.student.StudentAttendanceRecordActivity"
37-->src\main\AndroidManifest.xml:29:13-85
38            android:exported="false" />
38-->src\main\AndroidManifest.xml:30:13-37
39        <activity
39-->src\main\AndroidManifest.xml:31:9-33:40
40            android:name="com.view.activity.student.StudentCourseActivity"
40-->src\main\AndroidManifest.xml:32:13-75
41            android:exported="false" />
41-->src\main\AndroidManifest.xml:33:13-37
42        <activity
42-->src\main\AndroidManifest.xml:34:9-36:40
43            android:name="com.view.activity.teacher.TeacherCourseActivity"
43-->src\main\AndroidManifest.xml:35:13-75
44            android:exported="false" />
44-->src\main\AndroidManifest.xml:36:13-37
45        <activity
45-->src\main\AndroidManifest.xml:37:9-39:40
46            android:name="com.view.activity.student.StudentMainActivity"
46-->src\main\AndroidManifest.xml:38:13-73
47            android:exported="false" />
47-->src\main\AndroidManifest.xml:39:13-37
48        <activity
48-->src\main\AndroidManifest.xml:40:9-43:47
49            android:name="com.view.activity.teacher.TeacherMainActivity"
49-->src\main\AndroidManifest.xml:41:13-73
50            android:exported="true"
50-->src\main\AndroidManifest.xml:42:13-36
51            android:launchMode="singleTask" />
51-->src\main\AndroidManifest.xml:43:13-44
52        <activity
52-->src\main\AndroidManifest.xml:44:9-46:40
53            android:name="com.view.activity.teacher.TeacherLoginActivity"
53-->src\main\AndroidManifest.xml:45:13-74
54            android:exported="false" />
54-->src\main\AndroidManifest.xml:46:13-37
55        <activity
55-->src\main\AndroidManifest.xml:47:9-49:40
56            android:name="com.view.activity.teacher.TeacherRegisterActivity"
56-->src\main\AndroidManifest.xml:48:13-77
57            android:exported="false" />
57-->src\main\AndroidManifest.xml:49:13-37
58        <activity
58-->src\main\AndroidManifest.xml:50:9-52:40
59            android:name="com.view.activity.student.StudentRegisterActivity"
59-->src\main\AndroidManifest.xml:51:13-77
60            android:exported="false" />
60-->src\main\AndroidManifest.xml:52:13-37
61        <activity
61-->src\main\AndroidManifest.xml:53:9-55:40
62            android:name="com.view.activity.student.StudentLoginActivity"
62-->src\main\AndroidManifest.xml:54:13-74
63            android:exported="false" />
63-->src\main\AndroidManifest.xml:55:13-37
64        <activity
64-->src\main\AndroidManifest.xml:56:9-64:20
65            android:name="com.view.activity.StartActivity"
65-->src\main\AndroidManifest.xml:57:13-59
66            android:exported="true" >
66-->src\main\AndroidManifest.xml:58:13-36
67            <intent-filter>
67-->src\main\AndroidManifest.xml:59:13-63:29
68                <action android:name="android.intent.action.MAIN" />
68-->src\main\AndroidManifest.xml:60:17-69
68-->src\main\AndroidManifest.xml:60:25-66
69
70                <category android:name="android.intent.category.LAUNCHER" />
70-->src\main\AndroidManifest.xml:62:17-77
70-->src\main\AndroidManifest.xml:62:27-74
71            </intent-filter>
72        </activity>
73        <activity android:name="com.tencent.ncnnyoloface.SelectActivity" />
73-->src\main\AndroidManifest.xml:65:9-52
73-->src\main\AndroidManifest.xml:65:19-49
74        <activity android:name="com.tencent.ncnnyoloface.DeleteInfoActivity" />
74-->src\main\AndroidManifest.xml:66:9-56
74-->src\main\AndroidManifest.xml:66:19-53
75        <activity android:name="com.tencent.ncnnyoloface.SearchDataActivity" />
75-->src\main\AndroidManifest.xml:67:9-56
75-->src\main\AndroidManifest.xml:67:19-53
76        <activity android:name="com.tencent.ncnnyoloface.RegisterActivity" />
76-->src\main\AndroidManifest.xml:68:9-54
76-->src\main\AndroidManifest.xml:68:19-51
77        <activity
77-->src\main\AndroidManifest.xml:69:9-72:54
78            android:name="com.tencent.ncnnyoloface.AttendanceActivity"
78-->src\main\AndroidManifest.xml:70:13-47
79            android:label="无感知人脸考勤"
79-->src\main\AndroidManifest.xml:71:13-36
80            android:screenOrientation="fullSensor" />
80-->src\main\AndroidManifest.xml:72:13-51
81    </application>
82
83</manifest>